<?xml version="1.0" encoding="UTF-8"?>
<!-- Generated by org.testng.reporters.JUnitReportReporter -->
<testsuite hostname="PC-201001311648" name="site.sohu.SohuHistoryReadTest" tests="1" failures="0" timestamp="25 Feb 2014 18:33:39 GMT" time="5572.344" errors="0">
  <testcase name="getParameter" time="5572.344" classname="site.sohu.SohuHistoryReadTest"/>
</testsuite> <!-- site.sohu.SohuHistoryReadTest -->
