<?xml version="1.0" encoding="UTF-8"?>
<!-- Generated by org.testng.reporters.JUnitReportReporter -->
<testsuite hostname="PC-201001311648" name="beanDAO.codeListDAOTest" tests="1" failures="0" timestamp="9 Oct 2013 12:34:21 GMT" time="0.078" errors="0">
  <testcase name="f" time="0.078" classname="beanDAO.codeListDAOTest"/>
</testsuite> <!-- beanDAO.codeListDAOTest -->
