<?xml version="1.0" encoding="UTF-8"?>
<!-- Generated by org.testng.reporters.JUnitReportReporter -->
<testsuite hostname="PC-201001311648" name="site.yahoo.YahooHistoryReadTest" tests="1" failures="0" timestamp="26 Feb 2014 18:28:32 GMT" time="3775.593" errors="0">
  <testcase name="getParameter" time="3775.593" classname="site.yahoo.YahooHistoryReadTest"/>
</testsuite> <!-- site.yahoo.YahooHistoryReadTest -->
