<?xml version="1.0" encoding="UTF-8"?>
<!-- Generated by org.testng.reporters.JUnitReportReporter -->
<testsuite hostname="PC-201001311648" name="site.yahoo.WriterHistoryYahooTest" tests="1" failures="0" timestamp="30 Dec 2013 21:33:04 GMT" time="7866.531" errors="0">
  <testcase name="doHistory" time="7866.531" classname="site.yahoo.WriterHistoryYahooTest"/>
</testsuite> <!-- site.yahoo.WriterHistoryYahooTest -->
